<?xml version="1.0" encoding="UTF-8"?>
<robot generated="20161103 19:53:18.670" generator="Robot 2.8.6 (Python 2.7.12 on darwin)">
<suite source="/Users/artembakanov/Desktop/ASh_Automation/audittool_tests1/test_cases/customer_creation.txt" id="s1" name="Customer Creation">
<test id="s1-t1" name="Sucessful Customer Creation">
<kw type="setup" name="Preconditions">
<doc></doc>
<arguments>
</arguments>
<kw type="kw" name="ui_keywords.Open Browser for AuditTool">
<doc></doc>
<arguments>
<arg>${HOME_URL}</arg>
<arg>${BROWSER}</arg>
</arguments>
<kw type="kw" name="Selenium2Library.Open Browser">
<doc>Opens a new browser instance to given URL.</doc>
<arguments>
<arg>${url}</arg>
<arg>${browser}</arg>
</arguments>
<msg timestamp="20161103 19:53:18.845" level="INFO">Opening browser 'gc' to base url 'http://audit-tool.scaletools.com.ua/#/login'</msg>
<status status="PASS" endtime="20161103 19:53:21.469" starttime="20161103 19:53:18.845"></status>
</kw>
<kw type="kw" name="Selenium2Library.Maximize Browser Window">
<doc>Maximizes current browser window.</doc>
<arguments>
</arguments>
<status status="PASS" endtime="20161103 19:53:21.731" starttime="20161103 19:53:21.470"></status>
</kw>
<kw type="kw" name="Selenium2Library.Set Selenium Speed">
<doc>Sets the delay in seconds that is waited after each Selenium command.</doc>
<arguments>
<arg>.2</arg>
</arguments>
<status status="PASS" endtime="20161103 19:53:21.732" starttime="20161103 19:53:21.731"></status>
</kw>
<status status="PASS" endtime="20161103 19:53:21.732" starttime="20161103 19:53:18.844"></status>
</kw>
<status status="PASS" endtime="20161103 19:53:21.732" starttime="20161103 19:53:18.844"></status>
</kw>
<kw type="kw" name="${NUMBER} = BuiltIn.Evaluate">
<doc>Evaluates the given expression in Python and returns the results.</doc>
<arguments>
<arg>random.randint(1,10000)</arg>
<arg>random</arg>
</arguments>
<msg timestamp="20161103 19:53:21.733" level="INFO">${NUMBER} = 5178</msg>
<status status="PASS" endtime="20161103 19:53:21.733" starttime="20161103 19:53:21.733"></status>
</kw>
<kw type="kw" name="BuiltIn.Set Suite Variable">
<doc>Makes a variable available everywhere within the scope of the current suite.</doc>
<arguments>
<arg>${NUMBER}</arg>
</arguments>
<msg timestamp="20161103 19:53:21.734" level="INFO">${NUMBER} = 5178</msg>
<status status="PASS" endtime="20161103 19:53:21.734" starttime="20161103 19:53:21.734"></status>
</kw>
<kw type="kw" name="login_page.Input Username On Login Page">
<doc></doc>
<arguments>
<arg>au_admin</arg>
</arguments>
<kw type="kw" name="Selenium2Library.Input Text">
<doc>Types the given `text` into text field identified by `locator`.</doc>
<arguments>
<arg>${lp_inpt_username}</arg>
<arg>${text}</arg>
</arguments>
<msg timestamp="20161103 19:53:21.735" level="INFO">Typing text 'au_admin' into text field 'xpath=//input[@testid="username_input"]'</msg>
<kw type="kw" name="libs.Take Screenshot">
<doc></doc>
<arguments>
</arguments>
<kw type="kw" name="Selenium2Library.Capture Page Screenshot">
<doc>Takes a screenshot of the current page and embeds it into the log.</doc>
<arguments>
<arg>${TEST NAME}.png</arg>
</arguments>
<msg timestamp="20161103 19:53:32.777" html="yes" level="INFO">&lt;/td&gt;&lt;/tr&gt;&lt;tr&gt;&lt;td colspan="3"&gt;&lt;a href="Sucessful%20Customer%20Creation.png"&gt;&lt;img src="Sucessful%20Customer%20Creation.png" width="800px"&gt;&lt;/a&gt;</msg>
<status status="PASS" endtime="20161103 19:53:32.777" starttime="20161103 19:53:31.980"></status>
</kw>
<status status="PASS" endtime="20161103 19:53:32.777" starttime="20161103 19:53:31.979"></status>
</kw>
<msg timestamp="20161103 19:53:32.780" level="FAIL">ValueError: Element locator 'xpath=//input[@testid="username_input"]' did not match any elements.</msg>
<status status="FAIL" endtime="20161103 19:53:32.780" starttime="20161103 19:53:21.735"></status>
</kw>
<status status="FAIL" endtime="20161103 19:53:32.780" starttime="20161103 19:53:21.734"></status>
</kw>
<kw type="teardown" name="Selenium2Library.Close All Browsers">
<doc>Closes all open browsers and resets the browser cache.</doc>
<arguments>
</arguments>
<status status="PASS" endtime="20161103 19:53:33.053" starttime="20161103 19:53:32.781"></status>
</kw>
<doc></doc>
<tags>
</tags>
<status status="FAIL" endtime="20161103 19:53:33.053" critical="yes" starttime="20161103 19:53:18.843">ValueError: Element locator 'xpath=//input[@testid="username_input"]' did not match any elements.</status>
</test>
<test id="s1-t2" name="Verify Customer Creation">
<kw type="setup" name="Preconditions">
<doc></doc>
<arguments>
</arguments>
<kw type="kw" name="ui_keywords.Open Browser for AuditTool">
<doc></doc>
<arguments>
<arg>${HOME_URL}</arg>
<arg>${BROWSER}</arg>
</arguments>
<kw type="kw" name="Selenium2Library.Open Browser">
<doc>Opens a new browser instance to given URL.</doc>
<arguments>
<arg>${url}</arg>
<arg>${browser}</arg>
</arguments>
<msg timestamp="20161103 19:53:33.056" level="INFO">Opening browser 'gc' to base url 'http://audit-tool.scaletools.com.ua/#/login'</msg>
<status status="PASS" endtime="20161103 19:53:35.868" starttime="20161103 19:53:33.055"></status>
</kw>
<kw type="kw" name="Selenium2Library.Maximize Browser Window">
<doc>Maximizes current browser window.</doc>
<arguments>
</arguments>
<status status="PASS" endtime="20161103 19:53:36.341" starttime="20161103 19:53:35.869"></status>
</kw>
<kw type="kw" name="Selenium2Library.Set Selenium Speed">
<doc>Sets the delay in seconds that is waited after each Selenium command.</doc>
<arguments>
<arg>.2</arg>
</arguments>
<status status="PASS" endtime="20161103 19:53:36.343" starttime="20161103 19:53:36.342"></status>
</kw>
<status status="PASS" endtime="20161103 19:53:36.343" starttime="20161103 19:53:33.055"></status>
</kw>
<status status="PASS" endtime="20161103 19:53:36.343" starttime="20161103 19:53:33.054"></status>
</kw>
<kw type="kw" name="login_page.Input Username On Login Page">
<doc></doc>
<arguments>
<arg>au_admin</arg>
</arguments>
<kw type="kw" name="Selenium2Library.Input Text">
<doc>Types the given `text` into text field identified by `locator`.</doc>
<arguments>
<arg>${lp_inpt_username}</arg>
<arg>${text}</arg>
</arguments>
<msg timestamp="20161103 19:53:36.345" level="INFO">Typing text 'au_admin' into text field 'xpath=//input[@testid="username_input"]'</msg>
<kw type="kw" name="libs.Take Screenshot">
<doc></doc>
<arguments>
</arguments>
<kw type="kw" name="Selenium2Library.Capture Page Screenshot">
<doc>Takes a screenshot of the current page and embeds it into the log.</doc>
<arguments>
<arg>${TEST NAME}.png</arg>
</arguments>
<msg timestamp="20161103 19:53:39.365" level="FAIL">NoSuchWindowException: Message: no such window: target window already closed
from unknown error: web view not found
  (Session info: chrome=54.0.2840.71)
  (Driver info: chromedriver=2.24.417412 (ac882d3ce7c0d99292439bf3405780058fcca0a6),platform=Mac OS X 10.11.6 x86_64)
</msg>
<status status="FAIL" endtime="20161103 19:53:39.365" starttime="20161103 19:53:39.358"></status>
</kw>
<status status="FAIL" endtime="20161103 19:53:39.365" starttime="20161103 19:53:39.357"></status>
</kw>
<msg timestamp="20161103 19:53:39.365" level="WARN">Keyword 'Take Screenshot' could not be run on failure: NoSuchWindowException: Message: no such window: target window already closed
from unknown error: web view not found
  (Session info: chrome=54.0.2840.71)
  (Driver info: chromedriver=2.24.417412 (ac882d3ce7c0d99292439bf3405780058fcca0a6),platform=Mac OS X 10.11.6 x86_64)
</msg>
<msg timestamp="20161103 19:53:39.365" level="FAIL">ValueError: Element locator 'xpath=//input[@testid="username_input"]' did not match any elements.</msg>
<status status="FAIL" endtime="20161103 19:53:39.366" starttime="20161103 19:53:36.345"></status>
</kw>
<status status="FAIL" endtime="20161103 19:53:39.366" starttime="20161103 19:53:36.344"></status>
</kw>
<kw type="teardown" name="Selenium2Library.Close All Browsers">
<doc>Closes all open browsers and resets the browser cache.</doc>
<arguments>
</arguments>
<status status="PASS" endtime="20161103 19:53:39.628" starttime="20161103 19:53:39.366"></status>
</kw>
<doc></doc>